0 info it worked if it ends with ok
1 verbose cli [ 'C:\\Program Files\\nodejs\\node.exe',
1 verbose cli   'C:\\Program Files\\nodejs\\node_modules\\npm\\bin\\npm-cli.js',
1 verbose cli   'run',
1 verbose cli   'browser-sync' ]
2 info using npm@3.10.10
3 info using node@v6.11.3
4 verbose run-script [ 'prebrowser-sync', 'browser-sync', 'postbrowser-sync' ]
5 info lifecycle poc1@1.0.0~prebrowser-sync: poc1@1.0.0
6 silly lifecycle poc1@1.0.0~prebrowser-sync: no script for prebrowser-sync, continuing
7 info lifecycle poc1@1.0.0~browser-sync: poc1@1.0.0
8 verbose lifecycle poc1@1.0.0~browser-sync: unsafe-perm in lifecycle true
9 verbose lifecycle poc1@1.0.0~browser-sync: PATH: C:\Program Files\nodejs\node_modules\npm\bin\node-gyp-bin;C:\Users\alli959\Desktop\Háskóli Íslands\Tölvuleikjaforritun\Lokaverkefni\Hopverkefni\poc1\node_modules\.bin;C:\Program Files\Haskell\bin;C:\Program Files\Haskell Platform\8.0.1\lib\extralibs\bin;C:\Program Files\Haskell Platform\8.0.1\bin;C:\Program Files (x86)\NVIDIA Corporation\PhysX\Common;C:\ProgramData\Oracle\Java\javapath;C:\Program Files (x86)\AMD APP\bin\x86_64;C:\Program Files (x86)\AMD APP\bin\x86;C:\Program Files\Common Files\Microsoft Shared\Windows Live;C:\Program Files (x86)\Common Files\Microsoft Shared\Windows Live;C:\WINDOWS\system32;C:\WINDOWS;C:\WINDOWS\System32\Wbem;C:\WINDOWS\System32\WindowsPowerShell\v1.0\;C:\Program Files (x86)\ATI Technologies\ATI.ACE\Core-Static;C:\Program Files (x86)\Windows Live\Shared;C:\Program Files (x86)\QuickTime\QTSystem\;C:\Program Files (x86)\Windows Kits\8.1\Windows Performance Toolkit\;C:\Program Files\Microsoft SQL Server\110\Tools\Binn\;C:\Program Files (x86)\Microsoft SDKs\TypeScript\1.0\;C:\Program Files\Microsoft SQL Server\120\Tools\Binn\;C:\Program Files (x86)\AMD\ATI.ACE\Core-Static;C:\Program Files (x86)\GtkSharp\2.12\bin;C:\Program Files\Haskell Platform\8.0.1\mingw\bin;C:\Program Files (x86)\Common Files\Propellerhead Software\ReWire\;C:\Program Files\Common Files\Propellerhead Software\ReWire\;C:\Program Files (x86)\Skype\Phone\;C:\Program Files\nodejs\;C:\Program Files\Git\cmd;C:\Users\alli959\AppData\Roaming\cabal\bin;C:\Users\alli959\AppData\Roaming\local\bin;C:\Users\alli959\Anaconda3;C:\Users\alli959\Anaconda3\Scripts;C:\Users\alli959\Anaconda3\Library\bin;C:\Users\alli959\AppData\Local\Microsoft\WindowsApps;C:\Users\alli959\AppData\Local\atom\bin;C:\Users\alli959\AppData\Roaming\npm
10 verbose lifecycle poc1@1.0.0~browser-sync: CWD: C:\Users\alli959\Desktop\Háskóli Íslands\Tölvuleikjaforritun\Lokaverkefni\Hopverkefni\poc1
11 silly lifecycle poc1@1.0.0~browser-sync: Args: [ '/d /s /c',
11 silly lifecycle   'browser-sync start --server --files index.html glsl/*.* js/** css/*.css img/*.png audio/*.ogg json/**' ]
12 silly lifecycle poc1@1.0.0~browser-sync: Returned: code: 1  signal: null
13 info lifecycle poc1@1.0.0~browser-sync: Failed to exec browser-sync script
14 verbose stack Error: poc1@1.0.0 browser-sync: `browser-sync start --server --files index.html glsl/*.* js/** css/*.css img/*.png audio/*.ogg json/**`
14 verbose stack Exit status 1
14 verbose stack     at EventEmitter.<anonymous> (C:\Program Files\nodejs\node_modules\npm\lib\utils\lifecycle.js:255:16)
14 verbose stack     at emitTwo (events.js:106:13)
14 verbose stack     at EventEmitter.emit (events.js:191:7)
14 verbose stack     at ChildProcess.<anonymous> (C:\Program Files\nodejs\node_modules\npm\lib\utils\spawn.js:40:14)
14 verbose stack     at emitTwo (events.js:106:13)
14 verbose stack     at ChildProcess.emit (events.js:191:7)
14 verbose stack     at maybeClose (internal/child_process.js:920:16)
14 verbose stack     at Process.ChildProcess._handle.onexit (internal/child_process.js:230:5)
15 verbose pkgid poc1@1.0.0
16 verbose cwd C:\Users\alli959\Desktop\Háskóli Íslands\Tölvuleikjaforritun\Lokaverkefni\Hopverkefni\poc1
17 error Windows_NT 10.0.15063
18 error argv "C:\\Program Files\\nodejs\\node.exe" "C:\\Program Files\\nodejs\\node_modules\\npm\\bin\\npm-cli.js" "run" "browser-sync"
19 error node v6.11.3
20 error npm  v3.10.10
21 error code ELIFECYCLE
22 error poc1@1.0.0 browser-sync: `browser-sync start --server --files index.html glsl/*.* js/** css/*.css img/*.png audio/*.ogg json/**`
22 error Exit status 1
23 error Failed at the poc1@1.0.0 browser-sync script 'browser-sync start --server --files index.html glsl/*.* js/** css/*.css img/*.png audio/*.ogg json/**'.
23 error Make sure you have the latest version of node.js and npm installed.
23 error If you do, this is most likely a problem with the poc1 package,
23 error not with npm itself.
23 error Tell the author that this fails on your system:
23 error     browser-sync start --server --files index.html glsl/*.* js/** css/*.css img/*.png audio/*.ogg json/**
23 error You can get information on how to open an issue for this project with:
23 error     npm bugs poc1
23 error Or if that isn't available, you can get their info via:
23 error     npm owner ls poc1
23 error There is likely additional logging output above.
24 verbose exit [ 1, true ]
